<?xml version="1.0" encoding="UTF-8"?>
<testsuite xmlns:xsi="http://www.w3.org/2001/XMLSchema-instance" xsi:noNamespaceSchemaLocation="https://maven.apache.org/surefire/maven-surefire-plugin/xsd/surefire-test-report.xsd" version="3.0.2" name="br.com.zyven.ZyvenApplicationTests" time="2.086" tests="1" errors="0" skipped="0" failures="0" flakes="0">
  <properties>
[...]
</properties>
  <testcase name="contextLoads" classname="br.com.zyven.ZyvenApplicationTests" time="0.212">
    <system-out><![CDATA[23:56:27.003 [main] INFO org.springframework.test.context.support.AnnotationConfigContextLoaderUtils -- Could not detect default configuration classes for test class [br.com.zyven.ZyvenApplicationTests]: ZyvenApplicationTests does not declare any static, non-private, non-final, nested classes annotated with @Configuration.
23:56:27.046 [main] INFO org.springframework.boot.test.context.SpringBootTestContextBootstrapper -- Found @SpringBootConfiguration br.com.zyven.ZyvenApplication for test class br.com.zyven.ZyvenApplicationTests
23:56:27.077 [main] INFO org.springframework.test.context.support.AnnotationConfigContextLoaderUtils -- Could not detect default configuration classes for test class [br.com.zyven.ZyvenApplicationTests]: ZyvenApplicationTests does not declare any static, non-private, non-final, nested classes annotated with @Configuration.
23:56:27.078 [main] INFO org.springframework.boot.test.context.SpringBootTestContextBootstrapper -- Found @SpringBootConfiguration br.com.zyven.ZyvenApplication for test class br.com.zyven.ZyvenApplicationTests

  .   ____          _            __ _ _
 /\\ / ___'_ __ _ _(_)_ __  __ _ \ \ \ \
( ( )\___ | '_ | '_| | '_ \/ _` | \ \ \ \
 \\/  ___)| |_)| | | | | || (_| |  ) ) ) )
  '  |____| .__|_| |_|_| |_\__, | / / / /
 =========|_|==============|___/=/_/_/_/

 :: Spring Boot ::                (v4.0.6)

2026-09-20T23:56:27.218-03:00  INFO 122983 --- [zyven] [           main] br.com.zyven.ZyvenApplicationTests       : Starting ZyvenApplicationTests using Java 25.0.4.1 with PID 122983 (started by sonner in /home/sonner/dev/grp-web/zyven/backend)
2026-09-20T23:56:27.219-03:00  INFO 122983 --- [zyven] [           main] br.com.zyven.ZyvenApplicationTests       : No active profile set, falling back to 1 default profile: "default"
2026-09-20T23:56:27.513-03:00  INFO 122983 --- [zyven] [           main] .s.d.r.c.RepositoryConfigurationDelegate : Bootstrapping Spring Data JPA repositories in DEFAULT mode.
2026-09-20T23:56:27.538-03:00  INFO 122983 --- [zyven] [           main] .s.d.r.c.RepositoryConfigurationDelegate : Finished Spring Data repository scanning in 20 ms. Found 5 JPA repository interfaces.
2026-09-20T23:56:27.710-03:00  INFO 122983 --- [zyven] [           main] org.hibernate.orm.jpa                    : HHH008540: Processing PersistenceUnitInfo [name: default]
2026-09-20T23:56:27.734-03:00  INFO 122983 --- [zyven] [           main] org.hibernate.orm.core                   : HHH000001: Hibernate ORM core version 7.2.12.Final
2026-09-20T23:56:27.903-03:00  INFO 122983 --- [zyven] [           main] o.s.o.j.p.SpringPersistenceUnitInfo      : No LoadTimeWeaver setup: ignoring JPA class transformer
2026-09-20T23:56:27.915-03:00  INFO 122983 --- [zyven] [           main] com.zaxxer.hikari.HikariDataSource       : HikariPool-1 - Starting...
2026-09-20T23:56:27.977-03:00  INFO 122983 --- [zyven] [           main] com.zaxxer.hikari.pool.HikariPool        : HikariPool-1 - Added connection org.postgresql.jdbc.PgConnection@d190639
2026-09-20T23:56:27.977-03:00  INFO 122983 --- [zyven] [           main] com.zaxxer.hikari.HikariDataSource       : HikariPool-1 - Start completed.
2026-09-20T23:56:28.003-03:00  INFO 122983 --- [zyven] [           main] org.hibernate.orm.connections.pooling    : HHH10001005: Database info:
	Database JDBC URL [jdbc:postgresql://localhost:5432/zyven]
	Database driver: PostgreSQL JDBC Driver
	Database dialect: PostgreSQLDialect
	Database version: 16.14
	Default catalog/schema: zyven/public
	Autocommit mode: undefined/unknown
	Isolation level: READ_COMMITTED [default READ_COMMITTED]
	JDBC fetch size: none
	Pool: DataSourceConnectionProvider
	Minimum pool size: undefined/unknown
	Maximum pool size: undefined/unknown
2026-09-20T23:56:28.389-03:00  INFO 122983 --- [zyven] [           main] org.hibernate.orm.core                   : HHH000489: No JTA platform available (set 'hibernate.transaction.jta.platform' to enable JTA platform integration)
2026-09-20T23:56:28.409-03:00  INFO 122983 --- [zyven] [           main] j.LocalContainerEntityManagerFactoryBean : Initialized JPA EntityManagerFactory for persistence unit 'default'
2026-09-20T23:56:28.444-03:00  INFO 122983 --- [zyven] [           main] o.s.d.j.r.query.QueryEnhancerFactories   : Hibernate is in classpath; If applicable, HQL parser will be used.
2026-09-20T23:56:28.796-03:00  INFO 122983 --- [zyven] [           main] br.com.zyven.ZyvenApplicationTests       : Started ZyvenApplicationTests in 1.691 seconds (process running for 2.131)
2026-09-20T23:56:28.797-03:00  INFO 122983 --- [zyven] [           main] b.c.z.assistente.config.GeminiKeyLogger  : Gemini API key carregada: AQ.A...ajcw (53 caracteres)
]]></system-out>
    <system-err><![CDATA[Mockito is currently self-attaching to enable the inline-mock-maker. This will no longer work in future releases of the JDK. Please add Mockito as an agent to your build as described in Mockito's documentation: https://javadoc.io/doc/org.mockito/mockito-core/latest/org.mockito/org/mockito/Mockito.html#0.3
WARNING: A Java agent has been loaded dynamically (/home/sonner/.m2/repository/net/bytebuddy/byte-buddy-agent/1.17.8/byte-buddy-agent-1.17.8.jar)
WARNING: If a serviceability tool is in use, please run with -XX:+EnableDynamicAgentLoading to hide this warning
WARNING: If a serviceability tool is not in use, please run with -Djdk.instrument.traceUsage for more information
WARNING: Dynamic loading of agents will be disallowed by default in a future release
]]></system-err>
  </testcase>
</testsuite>